# JRE version: Java(TM) SE Runtime Environment (8.0_201-b09) (build 1.8.0_201-b09)
# Java VM: Java HotSpot(TM) 64-Bit Server VM (25.201-b09 mixed mode windows-amd64 compressed oops)
Heap:
 PSYoungGen      total 1371648K, used 782675K [0x000000076b180000, 0x00000007bfd00000, 0x00000007c0000000)
  eden space 1357312K, 57% used [0x000000076b180000,0x000000079ad5cdf0,0x00000007bdf00000)
  from space 14336K, 3% used [0x00000007bef00000,0x00000007bef78000,0x00000007bfd00000)
  to   space 15360K, 0% used [0x00000007bdf00000,0x00000007bdf00000,0x00000007bee00000)
 ParOldGen       total 135168K, used 105143K [0x00000006c1400000, 0x00000006c9800000, 0x000000076b180000)
  object space 135168K, 77% used [0x00000006c1400000,0x00000006c7aadcc0,0x00000006c9800000)
 Metaspace       used 47334K, capacity 49972K, committed 50176K, reserved 1091584K
  class space    used 6135K, capacity 7138K, committed 7168K, reserved 1048576K
GC Heap History (10 events):
Event: 90.952 GC heap before
{Heap before GC invocations=32 (full 2):
 PSYoungGen      total 1367040K, used 1346432K [0x000000076b180000, 0x00000007bff80000, 0x00000007c0000000)
  eden space 1346048K, 100% used [0x000000076b180000,0x00000007bd400000,0x00000007bd400000)
  from space 20992K, 1% used [0x00000007bd400000,0x00000007bd460000,0x00000007be880000)
  to   space 19968K, 0% used [0x00000007bec00000,0x00000007bec00000,0x00000007bff80000)
 ParOldGen       total 135168K, used 102383K [0x00000006c1400000, 0x00000006c9800000, 0x000000076b180000)
  object space 135168K, 75% used [0x00000006c1400000,0x00000006c77fbc00,0x00000006c9800000)
 Metaspace       used 47072K, capacity 49574K, committed 49920K, reserved 1091584K
  class space    used 6125K, capacity 7097K, committed 7168K, reserved 1048576K
Event: 90.954 GC heap after
Heap after GC invocations=32 (full 2):
 PSYoungGen      total 1367552K, used 1429K [0x000000076b180000, 0x00000007bfd00000, 0x00000007c0000000)
  eden space 1350144K, 0% used [0x000000076b180000,0x000000076b180000,0x00000007bd800000)
  from space 17408K, 8% used [0x00000007bec00000,0x00000007bed656e8,0x00000007bfd00000)
  to   space 18944K, 0% used [0x00000007bd800000,0x00000007bd800000,0x00000007bea80000)
 ParOldGen       total 135168K, used 102399K [0x00000006c1400000, 0x00000006c9800000, 0x000000076b180000)
  object space 135168K, 75% used [0x00000006c1400000,0x00000006c77ffc00,0x00000006c9800000)
 Metaspace       used 47072K, capacity 49574K, committed 49920K, reserved 1091584K
  class space    used 6125K, capacity 7097K, committed 7168K, reserved 1048576K
}
Event: 96.771 GC heap before
{Heap before GC invocations=33 (full 2):
 PSYoungGen      total 1367552K, used 1351573K [0x000000076b180000, 0x00000007bfd00000, 0x00000007c0000000)
  eden space 1350144K, 100% used [0x000000076b180000,0x00000007bd800000,0x00000007bd800000)
  from space 17408K, 8% used [0x00000007bec00000,0x00000007bed656e8,0x00000007bfd00000)
  to   space 18944K, 0% used [0x00000007bd800000,0x00000007bd800000,0x00000007bea80000)
 ParOldGen       total 135168K, used 102399K [0x00000006c1400000, 0x00000006c9800000, 0x000000076b180000)
  object space 135168K, 75% used [0x00000006c1400000,0x00000006c77ffc00,0x00000006c9800000)
 Metaspace       used 47119K, capacity 49638K, committed 49920K, reserved 1091584K
  class space    used 6126K, capacity 7097K, committed 7168K, reserved 1048576K
Event: 96.773 GC heap after
Heap after GC invocations=33 (full 2):
 PSYoungGen      total 1369088K, used 1120K [0x000000076b180000, 0x00000007bff80000, 0x00000007c0000000)
  eden space 1350144K, 0% used [0x000000076b180000,0x000000076b180000,0x00000007bd800000)
  from space 18944K, 5% used [0x00000007bd800000,0x00000007bd918000,0x00000007bea80000)
  to   space 17920K, 0% used [0x00000007bee00000,0x00000007bee00000,0x00000007bff80000)
 ParOldGen       total 135168K, used 103263K [0x00000006c1400000, 0x00000006c9800000, 0x000000076b180000)
  object space 135168K, 76% used [0x00000006c1400000,0x00000006c78d7c40,0x00000006c9800000)
 Metaspace       used 47119K, capacity 49638K, committed 49920K, reserved 1091584K
  class space    used 6126K, capacity 7097K, committed 7168K, reserved 1048576K
}
Event: 96.811 GC heap before
{Heap before GC invocations=34 (full 2):
 PSYoungGen      total 1369088K, used 1351264K [0x000000076b180000, 0x00000007bff80000, 0x00000007c0000000)
  eden space 1350144K, 100% used [0x000000076b180000,0x00000007bd800000,0x00000007bd800000)
  from space 18944K, 5% used [0x00000007bd800000,0x00000007bd918000,0x00000007bea80000)
  to   space 17920K, 0% used [0x00000007bee00000,0x00000007bee00000,0x00000007bff80000)
 ParOldGen       total 135168K, used 103263K [0x00000006c1400000, 0x00000006c9800000, 0x000000076b180000)
  object space 135168K, 76% used [0x00000006c1400000,0x00000006c78d7c40,0x00000006c9800000)
 Metaspace       used 47119K, capacity 49638K, committed 49920K, reserved 1091584K
  class space    used 6126K, capacity 7097K, committed 7168K, reserved 1048576K
Event: 96.812 GC heap after
Heap after GC invocations=34 (full 2):
 PSYoungGen      total 1370624K, used 544K [0x000000076b180000, 0x00000007bfe00000, 0x00000007c0000000)
  eden space 1354240K, 0% used [0x000000076b180000,0x000000076b180000,0x00000007bdc00000)
  from space 16384K, 3% used [0x00000007bee00000,0x00000007bee88000,0x00000007bfe00000)
  to   space 17408K, 0% used [0x00000007bdc00000,0x00000007bdc00000,0x00000007bed00000)
 ParOldGen       total 135168K, used 103895K [0x00000006c1400000, 0x00000006c9800000, 0x000000076b180000)
  object space 135168K, 76% used [0x00000006c1400000,0x00000006c7975c80,0x00000006c9800000)
 Metaspace       used 47119K, capacity 49638K, committed 49920K, reserved 1091584K
  class space    used 6126K, capacity 7097K, committed 7168K, reserved 1048576K
}
Event: 98.141 GC heap before
{Heap before GC invocations=35 (full 2):
 PSYoungGen      total 1370624K, used 1354784K [0x000000076b180000, 0x00000007bfe00000, 0x00000007c0000000)
  eden space 1354240K, 100% used [0x000000076b180000,0x00000007bdc00000,0x00000007bdc00000)
  from space 16384K, 3% used [0x00000007bee00000,0x00000007bee88000,0x00000007bfe00000)
  to   space 17408K, 0% used [0x00000007bdc00000,0x00000007bdc00000,0x00000007bed00000)
 ParOldGen       total 135168K, used 103895K [0x00000006c1400000, 0x00000006c9800000, 0x000000076b180000)
  object space 135168K, 76% used [0x00000006c1400000,0x00000006c7975c80,0x00000006c9800000)
 Metaspace       used 47224K, capacity 49722K, committed 49920K, reserved 1091584K
  class space    used 6129K, capacity 7101K, committed 7168K, reserved 1048576K
Event: 98.142 GC heap after
Heap after GC invocations=35 (full 2):
 PSYoungGen      total 1371648K, used 1802K [0x000000076b180000, 0x00000007bff00000, 0x00000007c0000000)
  eden space 1354240K, 0% used [0x000000076b180000,0x000000076b180000,0x00000007bdc00000)
  from space 17408K, 10% used [0x00000007bdc00000,0x00000007bddc2ae8,0x00000007bed00000)
  to   space 16384K, 0% used [0x00000007bef00000,0x00000007bef00000,0x00000007bff00000)
 ParOldGen       total 135168K, used 103919K [0x00000006c1400000, 0x00000006c9800000, 0x000000076b180000)
  object space 135168K, 76% used [0x00000006c1400000,0x00000006c797bc80,0x00000006c9800000)
 Metaspace       used 47224K, capacity 49722K, committed 49920K, reserved 1091584K
  class space    used 6129K, capacity 7101K, committed 7168K, reserved 1048576K
}
Event: 98.180 GC heap before
{Heap before GC invocations=36 (full 2):
 PSYoungGen      total 1371648K, used 1356042K [0x000000076b180000, 0x00000007bff00000, 0x00000007c0000000)
  eden space 1354240K, 100% used [0x000000076b180000,0x00000007bdc00000,0x00000007bdc00000)
  from space 17408K, 10% used [0x00000007bdc00000,0x00000007bddc2ae8,0x00000007bed00000)
  to   space 16384K, 0% used [0x00000007bef00000,0x00000007bef00000,0x00000007bff00000)
 ParOldGen       total 135168K, used 103919K [0x00000006c1400000, 0x00000006c9800000, 0x000000076b180000)
  object space 135168K, 76% used [0x00000006c1400000,0x00000006c797bc80,0x00000006c9800000)
 Metaspace       used 47224K, capacity 49722K, committed 49920K, reserved 1091584K
  class space    used 6129K, capacity 7101K, committed 7168K, reserved 1048576K
Event: 98.181 GC heap after
Heap after GC invocations=36 (full 2):
 PSYoungGen      total 1371648K, used 480K [0x000000076b180000, 0x00000007bfd00000, 0x00000007c0000000)
  eden space 1357312K, 0% used [0x000000076b180000,0x000000076b180000,0x00000007bdf00000)
  from space 14336K, 3% used [0x00000007bef00000,0x00000007bef78000,0x00000007bfd00000)
  to   space 15360K, 0% used [0x00000007bdf00000,0x00000007bdf00000,0x00000007bee00000)
 ParOldGen       total 135168K, used 105143K [0x00000006c1400000, 0x00000006c9800000, 0x000000076b180000)
  object space 135168K, 77% used [0x00000006c1400000,0x00000006c7aadcc0,0x00000006c9800000)
 Metaspace       used 47224K, capacity 49722K, committed 49920K, reserved 1091584K
  class space    used 6129K, capacity 7101K, committed 7168K, reserved 1048576K
}

